<?xml version="1.0" encoding="UTF-8"?>
<testsuite xmlns:xsi="http://www.w3.org/2001/XMLSchema-instance" xsi:noNamespaceSchemaLocation="https://maven.apache.org/surefire/maven-surefire-plugin/xsd/surefire-test-report-3.0.xsd" version="3.0" name="com.devops.DevopsApplicationTests" time="9.04" tests="1" errors="0" skipped="0" failures="0">
  <properties>
[...]
</properties>
  <testcase name="contextLoads" classname="com.devops.DevopsApplicationTests" time="6.13">
    <system-out><![CDATA[12:32:40.063 [main] INFO org.springframework.test.context.support.AnnotationConfigContextLoaderUtils -- Could not detect default configuration classes for test class [com.devops.DevopsApplicationTests]: DevopsApplicationTests does not declare any static, non-private, non-final, nested classes annotated with @Configuration.
12:32:40.354 [main] INFO org.springframework.boot.test.context.SpringBootTestContextBootstrapper -- Found @SpringBootConfiguration com.devops.DevopsApplication for test class com.devops.DevopsApplicationTests
12:32:40.549 [main] INFO org.springframework.boot.devtools.restart.RestartApplicationListener -- Restart disabled due to context in which it is running

  .   ____          _            __ _ _
 /\\ / ___'_ __ _ _(_)_ __  __ _ \ \ \ \
( ( )\___ | '_ | '_| | '_ \/ _` | \ \ \ \
 \\/  ___)| |_)| | | | | || (_| |  ) ) ) )
  '  |____| .__|_| |_|_| |_\__, | / / / /
 =========|_|==============|___/=/_/_/_/
 :: Spring Boot ::                (v3.1.5)

2023-10-21T12:32:41.061+05:30  INFO 9136 --- [           main] com.devops.DevopsApplicationTests        : Starting DevopsApplicationTests using Java 17.0.8.1 with PID 9136 (started by Sabari in C:\Users\Sabari\Documents\workspace-spring-tool-suite-4-4.20.0.RELEASE\devops)
2023-10-21T12:32:41.064+05:30  INFO 9136 --- [           main] com.devops.DevopsApplicationTests        : No active profile set, falling back to 1 default profile: "default"
2023-10-21T12:32:42.619+05:30  INFO 9136 --- [           main] com.devops.DevopsApplicationTests        : Started DevopsApplicationTests in 2.086 seconds (process running for 3.88)
]]></system-out>
  </testcase>
</testsuite>